[2019-03-14 08:49:24] DEBUG 137 statementLog - {conn-10005, pstmt-20000} created. select users0_.id as id1_0_, users0_.username as username2_0_, users0_.password as password3_0_, users0_.rolename as rolename4_0_ from user users0_ where users0_.username=?
[2019-03-14 08:49:24] DEBUG 137 statementLog - {conn-10005, pstmt-20000} Parameters : [12]
[2019-03-14 08:49:24] DEBUG 137 statementLog - {conn-10005, pstmt-20000} Types : [VARCHAR]
[2019-03-14 08:49:24] DEBUG 137 statementLog - {conn-10005, pstmt-20000, rs-50000} query executed. 55.347348 millis. select users0_.id as id1_0_, users0_.username as username2_0_, users0_.password as password3_0_, users0_.rolename as rolename4_0_ from user users0_ where users0_.username=?
[2019-03-14 08:49:24] DEBUG 137 statementLog - {conn-10005, pstmt-20000} clearParameters. 
[2019-03-14 08:49:56] DEBUG 137 statementLog - {conn-10005, pstmt-20000} Parameters : [12]
[2019-03-14 08:49:56] DEBUG 137 statementLog - {conn-10005, pstmt-20000} Types : [VARCHAR]
[2019-03-14 08:49:56] DEBUG 137 statementLog - {conn-10005, pstmt-20000, rs-50001} query executed. 17.985253 millis. select users0_.id as id1_0_, users0_.username as username2_0_, users0_.password as password3_0_, users0_.rolename as rolename4_0_ from user users0_ where users0_.username=?
[2019-03-14 08:49:56] DEBUG 137 statementLog - {conn-10005, pstmt-20000} clearParameters. 
[2019-03-14 08:49:56] DEBUG 137 statementLog - {conn-10005, pstmt-20000} Parameters : [12]
[2019-03-14 08:49:56] DEBUG 137 statementLog - {conn-10005, pstmt-20000} Types : [VARCHAR]
[2019-03-14 08:49:56] DEBUG 137 statementLog - {conn-10005, pstmt-20000, rs-50002} query executed. 18.616135 millis. select users0_.id as id1_0_, users0_.username as username2_0_, users0_.password as password3_0_, users0_.rolename as rolename4_0_ from user users0_ where users0_.username=?
[2019-03-14 08:49:56] DEBUG 137 statementLog - {conn-10005, pstmt-20000} clearParameters. 
[2019-03-14 08:49:56] DEBUG 137 statementLog - {conn-10005, pstmt-20000} Parameters : [12]
[2019-03-14 08:49:56] DEBUG 137 statementLog - {conn-10005, pstmt-20000} Types : [VARCHAR]
[2019-03-14 08:49:56] DEBUG 137 statementLog - {conn-10005, pstmt-20000, rs-50003} query executed. 20.083211 millis. select users0_.id as id1_0_, users0_.username as username2_0_, users0_.password as password3_0_, users0_.rolename as rolename4_0_ from user users0_ where users0_.username=?
[2019-03-14 08:49:56] DEBUG 137 statementLog - {conn-10005, pstmt-20000} clearParameters. 
[2019-03-14 08:49:56] DEBUG 137 statementLog - {conn-10005, pstmt-20001} created. select users0_.id as id1_0_, users0_.username as username2_0_, users0_.password as password3_0_, users0_.rolename as rolename4_0_ from user users0_
[2019-03-14 08:49:56] DEBUG 137 statementLog - {conn-10005, pstmt-20001} Parameters : []
[2019-03-14 08:49:56] DEBUG 137 statementLog - {conn-10005, pstmt-20001} Types : []
[2019-03-14 08:49:57] DEBUG 137 statementLog - {conn-10005, pstmt-20001, rs-50004} query executed. 19.232431 millis. select users0_.id as id1_0_, users0_.username as username2_0_, users0_.password as password3_0_, users0_.rolename as rolename4_0_ from user users0_
[2019-03-14 08:49:57] DEBUG 137 statementLog - {conn-10005, pstmt-20001} clearParameters. 
